{
  "stats": {
    "suites": 1,
    "tests": 1,
    "passes": 1,
    "pending": 0,
    "failures": 0,
    "start": "2022-11-11T04:04:25.270Z",
    "end": "2022-11-11T04:04:25.572Z",
    "duration": 302,
    "testsRegistered": 1,
    "passPercent": 100,
    "pendingPercent": 0,
    "other": 0,
    "hasOther": false,
    "skipped": 0,
    "hasSkipped": false
  },
  "results": [
    {
      "uuid": "8d3088f5-7774-477d-a281-6de3afb85846",
      "title": "",
      "fullFile": "/Users/user/belajar-js/api-automation/get-auth.js",
      "file": "/api-automation/get-auth.js",
      "beforeHooks": [],
      "afterHooks": [],
      "tests": [],
      "suites": [
        {
          "uuid": "29008a54-04dc-47d0-890b-79bd76d36d69",
          "title": "GET /users",
          "fullFile": "/Users/user/belajar-js/api-automation/get-auth.js",
          "file": "/api-automation/get-auth.js",
          "beforeHooks": [],
          "afterHooks": [],
          "tests": [
            {
              "title": "returns all users",
              "fullTitle": "GET /users returns all users",
              "timedOut": false,
              "duration": 298,
              "state": "passed",
              "speed": "slow",
              "pass": true,
              "fail": false,
              "pending": false,
              "context": null,
              "code": "const response = await request.get(\"/users\")\n.set({Authorization: \"Bearer 5a245cbb-1b29-4b0f-9cb6-1914c5ff94e0\"});\nexpect(response.status).to.eql(200)\n//expect(response.body.data.length).to.eql(6)",
              "err": {},
              "uuid": "9c248fc7-c6a3-4ff6-abd2-4369bc0e630f",
              "parentUUID": "29008a54-04dc-47d0-890b-79bd76d36d69",
              "isHook": false,
              "skipped": false
            }
          ],
          "suites": [],
          "passes": [
            "9c248fc7-c6a3-4ff6-abd2-4369bc0e630f"
          ],
          "failures": [],
          "pending": [],
          "skipped": [],
          "duration": 298,
          "root": false,
          "rootEmpty": false,
          "_timeout": 2000
        }
      ],
      "passes": [],
      "failures": [],
      "pending": [],
      "skipped": [],
      "duration": 0,
      "root": true,
      "rootEmpty": true,
      "_timeout": 2000
    }
  ],
  "meta": {
    "mocha": {
      "version": "10.1.0"
    },
    "mochawesome": {
      "options": {
        "quiet": false,
        "reportFilename": "mochawesome",
        "saveHtml": true,
        "saveJson": true,
        "consoleReporter": "spec",
        "useInlineDiffs": false,
        "code": true
      },
      "version": "7.1.3"
    },
    "marge": {
      "options": null,
      "version": "6.2.0"
    }
  }
}