{
  "stats": {
    "suites": 1,
    "tests": 3,
    "passes": 3,
    "pending": 0,
    "failures": 0,
    "start": "2022-11-11T08:20:40.552Z",
    "end": "2022-11-11T08:20:41.423Z",
    "duration": 871,
    "testsRegistered": 3,
    "passPercent": 100,
    "pendingPercent": 0,
    "other": 0,
    "hasOther": false,
    "skipped": 0,
    "hasSkipped": false
  },
  "results": [
    {
      "uuid": "62b862d6-a439-4fc8-af8c-c6d04ea3a829",
      "title": "",
      "fullFile": "/Users/user/belajar-js/api-automation/quiz-14.js",
      "file": "/api-automation/quiz-14.js",
      "beforeHooks": [],
      "afterHooks": [],
      "tests": [],
      "suites": [
        {
          "uuid": "982a5c9e-189e-4261-810f-700bcf8f3063",
          "title": "Quiz 14 API Automation",
          "fullFile": "/Users/user/belajar-js/api-automation/quiz-14.js",
          "file": "/api-automation/quiz-14.js",
          "beforeHooks": [],
          "afterHooks": [],
          "tests": [
            {
              "title": "User Registration",
              "fullTitle": "Quiz 14 API Automation User Registration",
              "timedOut": false,
              "duration": 306,
              "state": "passed",
              "speed": "slow",
              "pass": true,
              "fail": false,
              "pending": false,
              "context": null,
              "code": "const response = await request (baseurl)\n.post(\"/authaccount/registration\")\n.send({\n    \"name\": name,\n    \"email\": email,\n    \"password\": password\n})\nexpect(response.status).to.eql(200)\nexpect(response.body.code).to.eql(0)\nexpect(response.body.data.Name).to.eql(name)\nexpect(response.body.data.Email).to.eql(email)",
              "err": {},
              "uuid": "ed7864d9-99c1-400a-b073-471369bfa0ff",
              "parentUUID": "982a5c9e-189e-4261-810f-700bcf8f3063",
              "isHook": false,
              "skipped": false
            },
            {
              "title": "User Login",
              "fullTitle": "Quiz 14 API Automation User Login",
              "timedOut": false,
              "duration": 268,
              "state": "passed",
              "speed": "slow",
              "pass": true,
              "fail": false,
              "pending": false,
              "context": null,
              "code": "const response = await request (baseurl)\n.post(\"/authaccount/login\")\n.send({\n    \"email\": email,\n    \"password\": password\n})\nexpect(response.status).to.eql(200)\nexpect(response.body.code).to.eql(0)\nexpect(response.body.data.Name).to.eql(name)\nexpect(response.body.data.Email).to.eql(email)\nexpect(response.body.data.Token).to.not.eql(null)\ntoken = response.body.data.Token",
              "err": {},
              "uuid": "9539d05a-ba1f-4236-9128-3fbc86c300a0",
              "parentUUID": "982a5c9e-189e-4261-810f-700bcf8f3063",
              "isHook": false,
              "skipped": false
            },
            {
              "title": "Create New User",
              "fullTitle": "Quiz 14 API Automation Create New User",
              "timedOut": false,
              "duration": 290,
              "state": "passed",
              "speed": "slow",
              "pass": true,
              "fail": false,
              "pending": false,
              "context": null,
              "code": "const response = await request (baseurl)\n.post(\"/users\")\n.send({\n    \"name\": nameU,\n    \"email\": emailU,\n    \"password\": passwordU\n})\n.set({\n    Authorization: \"Bearer \"+token\n})\nexpect(response.status).to.eql(201)\nexpect(response.body.name).to.eql(nameU)\nexpect(response.body.email).to.eql(emailU)",
              "err": {},
              "uuid": "3a038789-23e7-4cc9-846a-8c83d9203d0a",
              "parentUUID": "982a5c9e-189e-4261-810f-700bcf8f3063",
              "isHook": false,
              "skipped": false
            }
          ],
          "suites": [],
          "passes": [
            "ed7864d9-99c1-400a-b073-471369bfa0ff",
            "9539d05a-ba1f-4236-9128-3fbc86c300a0",
            "3a038789-23e7-4cc9-846a-8c83d9203d0a"
          ],
          "failures": [],
          "pending": [],
          "skipped": [],
          "duration": 864,
          "root": false,
          "rootEmpty": false,
          "_timeout": 2000
        }
      ],
      "passes": [],
      "failures": [],
      "pending": [],
      "skipped": [],
      "duration": 0,
      "root": true,
      "rootEmpty": true,
      "_timeout": 2000
    }
  ],
  "meta": {
    "mocha": {
      "version": "10.1.0"
    },
    "mochawesome": {
      "options": {
        "quiet": false,
        "reportFilename": "mochawesome",
        "saveHtml": true,
        "saveJson": true,
        "consoleReporter": "spec",
        "useInlineDiffs": false,
        "code": true
      },
      "version": "7.1.3"
    },
    "marge": {
      "options": null,
      "version": "6.2.0"
    }
  }
}